[0528/125938.333:ERROR:process_info.cc(329)] VirtualQueryEx: Access is denied. (0x5)
[0528/125938.334:ERROR:process_info.cc(550)] ReadMemoryInfo failed
[0528/125938.334:ERROR:scoped_process_suspend.cc(40)] NtResumeProcess: An attempt was made to access an exiting process. (0xc000010a)
[0530/140549.284:ERROR:scoped_process_suspend.cc(31)] NtSuspendProcess: An attempt was made to access an exiting process. (0xc000010a)
[0530/140549.304:ERROR:process_info.cc(118)] ReadProcessMemory bool __cdecl crashpad::(anonymous namespace)::ReadStruct(HANDLE, crashpad::WinVMAddress, T *) [T = crashpad::process_types::RTL_USER_PROCESS_PARAMETERS<crashpad::process_types::internal::Traits64>]: Only part of a ReadProcessMemory or WriteProcessMemory request was completed. (0x12B)
[0530/140549.304:ERROR:process_info.cc(545)] ReadProcessData failed
[0530/140953.867:ERROR:process_info.cc(329)] VirtualQueryEx: Access is denied. (0x5)
[0530/140953.867:ERROR:process_info.cc(550)] ReadMemoryInfo failed
[0530/140953.867:ERROR:process_memory_win.cc(39)] Failed to initialize ProcessInfo.
[0530/140953.867:ERROR:scoped_process_suspend.cc(40)] NtResumeProcess: An attempt was made to access an exiting process. (0xc000010a)
[0610/150043.773:ERROR:process_info.cc(329)] VirtualQueryEx: Access is denied. (0x5)
[0610/150043.793:ERROR:process_info.cc(550)] ReadMemoryInfo failed
[0610/150043.793:ERROR:process_memory_win.cc(39)] Failed to initialize ProcessInfo.
[0610/150043.793:ERROR:scoped_process_suspend.cc(40)] NtResumeProcess: An attempt was made to access an exiting process. (0xc000010a)
[0611/102811.388:ERROR:process_reader_win.cc(123)] NtOpenThread: {Access Denied} A process has requested access to an object, but has not been granted those access rights. (0xc0000022)
[0611/102811.418:ERROR:exception_snapshot_win.cc(98)] thread ID 3860 not found in process
[0612/155548.406:ERROR:process_reader_win.cc(151)] SuspendThread: Access is denied. (0x5)
[0612/155548.427:ERROR:process_reader_win.cc(123)] NtOpenThread: An invalid Client ID was specified. (0xc000000b)
[0612/155548.437:ERROR:process_reader_win.cc(123)] NtOpenThread: An invalid Client ID was specified. (0xc000000b)
[0612/155548.438:ERROR:process_reader_win.cc(123)] NtOpenThread: An invalid Client ID was specified. (0xc000000b)
[0612/155548.438:ERROR:process_reader_win.cc(123)] NtOpenThread: An invalid Client ID was specified. (0xc000000b)
[0612/155548.438:ERROR:exception_snapshot_win.cc(98)] thread ID 3644 not found in process
[0612/155548.438:ERROR:scoped_process_suspend.cc(40)] NtResumeProcess: An attempt was made to access an exiting process. (0xc000010a)
